Arguments: 
  C:\Program Files\nodejs\node.exe C:\Users\Jakub Sajniak\AppData\Roaming\npm\node_modules\yarn\bin\yarn.js add react-native-gesture-hand

PATH: 
  C:\Program Files (x86)\Common Files\Oracle\Java\javapath;C:\Program Files\Java\jdk1.8.0_231\bin;C:\Windows\system32;C:\Windows;C:\Windows\System32\Wbem;C:\Windows\System32\WindowsPowerShell\v1.0\;C:\Windows\System32\OpenSSH\;C:\Program Files\NVIDIA Corporation\NVIDIA NvDLISR;C:\Program Files (x86)\NVIDIA Corporation\PhysX\Common;C:\Program Files\Git\cmd;C:\Program Files\PuTTY\;C:\ProgramData\ComposerSetup\bin;C:\Program Files\nodejs\;C:\WINDOWS\system32;C:\WINDOWS;C:\WINDOWS\System32\Wbem;C:\WINDOWS\System32\WindowsPowerShell\v1.0\;C:\WINDOWS\System32\OpenSSH\;C:\Program Files\CMake\bin;C:\Program Files (x86)\dotnet\;C:\Program Files\Docker\Docker\resources\bin;C:\ProgramData\DockerDesktop\version-bin;C:\bin;C:\Users\Jakub Sajniak\AppData\Local\Programs\Python\Python38-32\;C:\Users\Jakub Sajniak\AppData\Local\Programs\Python\Python38-32\Scripts\;C:\Users\Jakub Sajniak\AppData\Local\Microsoft\WindowsApps;C:\Users\Jakub Sajniak\Downloads\php-7.4.3-Win32-vc15-x64;C:\Program Files\JetBrains\PyCharm 2019.3.3\bin;C:\Program Files (x86)\Nmap;C:\Users\Jakub Sajniak\AppData\Roaming\Composer\vendor\bin;C:\Users\Jakub Sajniak\AppData\Roaming\npm;C:\Gradle\gradle-6.8.1\bin;C:\Users\Jakub Sajniak\AppData\Local\Android\Sdk\platform-tools;C:\Users\Jakub Sajniak\AppData\Local\Android\Sdk;C:\Users\Jakub Sajniak\AppData\Local\Android\Sdk\tools;C:\Users\public\anaconda3\Scripts;C:\Users\public\anaconda3\Library;C:\Users\public\anaconda3\Library\bin;C:\Users\public\anaconda3\Library\mingw-w64\bin;C:\Users\public\anaconda3\Scripts\conda-script.py;C:\Users\Jakub Sajniak\AppData\Local\Programs\Microsoft VS Code\bin;C:\Users\Jakub Sajniak\AppData\Local\GitHubDesktop\bin;C:\Windows\Microsoft.NET\Framework\v4.0.30319;C:\Users\\Jakub Sajniak\Desktop\Tesseract-OCR

Yarn version: 
  1.22.19

Node version: 
  18.12.1

Platform: 
  win32 x64

Trace: 
  Error: https://registry.yarnpkg.com/react-native-gesture-hand: Not found
      at params.callback [as _callback] (C:\Users\Jakub Sajniak\AppData\Roaming\npm\node_modules\yarn\lib\cli.js:66145:18)
      at self.callback (C:\Users\Jakub Sajniak\AppData\Roaming\npm\node_modules\yarn\lib\cli.js:140890:22)
      at Request.emit (node:events:513:28)
      at Request.<anonymous> (C:\Users\Jakub Sajniak\AppData\Roaming\npm\node_modules\yarn\lib\cli.js:141862:10)
      at Request.emit (node:events:513:28)
      at IncomingMessage.<anonymous> (C:\Users\Jakub Sajniak\AppData\Roaming\npm\node_modules\yarn\lib\cli.js:141784:12)
      at Object.onceWrapper (node:events:627:28)
      at IncomingMessage.emit (node:events:525:35)
      at endReadableNT (node:internal/streams/readable:1359:12)
      at process.processTicksAndRejections (node:internal/process/task_queues:82:21)

npm manifest: 
  {
    "name": "tinder-clone",
    "version": "1.0.0",
    "main": "node_modules/expo/AppEntry.js",
    "scripts": {
      "start": "expo start",
      "android": "expo start --android",
      "ios": "expo start --ios",
      "web": "expo start --web"
    },
    "dependencies": {
      "axios": "^1.1.3",
      "expo": "~46.0.16",
      "expo-status-bar": "~1.4.0",
      "react": "18.0.0",
      "react-native": "0.69.6",
      "yarn": "^1.22.19"
    },
    "devDependencies": {
      "@babel/core": "^7.12.9"
    },
    "private": true
  }

yarn manifest: 
  No manifest

Lockfile: 
  No lockfile
